<?xml version="1.0" encoding="UTF-8"?>
<!-- Generated by org.testng.reporters.JUnitReportReporter -->
<testsuite hostname="worker01" failures="0" tests="1" name="example.firstTest" time="3.095" errors="0" timestamp="2021-06-17T23:26:31 CEST" skipped="0">
  <testcase classname="example.firstTest" name="f" time="3.095"/>
  <system-out/>
</testsuite> <!-- example.firstTest -->
