<?xml version="1.0" encoding="UTF-8"?>
<!-- Generated by org.testng.reporters.JUnitReportReporter -->
<testsuite hostname="worker01" failures="0" tests="1" name="example.firstTest" time="5.984" errors="0" timestamp="2021-06-11T15:52:42 CEST" skipped="0">
  <testcase classname="example.firstTest" name="f" time="5.984"/>
  <system-out/>
</testsuite> <!-- example.firstTest -->
