<?xml version="1.0" encoding="UTF-8"?>
<!-- Generated by org.testng.reporters.JUnitReportReporter -->
<testsuite hostname="worker01" failures="0" tests="1" name="example.firstTest" time="2.129" errors="0" timestamp="2021-06-11T16:31:54 CEST" skipped="0">
  <testcase classname="example.firstTest" name="f" time="2.129"/>
  <system-out/>
</testsuite> <!-- example.firstTest -->
